<?xml version="1.0" encoding="UTF-8"?>
<testsuite xmlns:xsi="http://www.w3.org/2001/XMLSchema-instance" xsi:noNamespaceSchemaLocation="https://maven.apache.org/surefire/maven-surefire-plugin/xsd/surefire-test-report-3.0.xsd" version="3.0" name="com.crazy_ataman.calculator.CalculatorTest" time="0.205" tests="41" errors="0" skipped="0" failures="0">
  <properties>
    <property name="java.specification.version" value="17"/>
    <property name="sun.cpu.isalist" value="amd64"/>
    <property name="sun.jnu.encoding" value="Cp1251"/>
    <property name="java.class.path" value="D:\app\testing\Lab6-7_additional_labs\Calculator\ci-jenkins-java\target\test-classes;D:\app\testing\Lab6-7_additional_labs\Calculator\ci-jenkins-java\target\classes;C:\Users\yyyyt\.m2\repository\org\junit\jupiter\junit-jupiter-api\5.9.1\junit-jupiter-api-5.9.1.jar;C:\Users\yyyyt\.m2\repository\org\opentest4j\opentest4j\1.2.0\opentest4j-1.2.0.jar;C:\Users\yyyyt\.m2\repository\org\junit\platform\junit-platform-commons\1.9.1\junit-platform-commons-1.9.1.jar;C:\Users\yyyyt\.m2\repository\org\apiguardian\apiguardian-api\1.1.2\apiguardian-api-1.1.2.jar;C:\Users\yyyyt\.m2\repository\org\junit\jupiter\junit-jupiter-engine\5.9.1\junit-jupiter-engine-5.9.1.jar;C:\Users\yyyyt\.m2\repository\org\junit\platform\junit-platform-engine\1.9.1\junit-platform-engine-1.9.1.jar;"/>
    <property name="java.vm.vendor" value="Oracle Corporation"/>
    <property name="sun.arch.data.model" value="64"/>
    <property name="user.variant" value=""/>
    <property name="java.vendor.url" value="https://java.oracle.com/"/>
    <property name="user.timezone" value="Europe/Moscow"/>
    <property name="os.name" value="Windows 11"/>
    <property name="java.vm.specification.version" value="17"/>
    <property name="sun.java.launcher" value="SUN_STANDARD"/>
    <property name="user.country" value="RU"/>
    <property name="sun.boot.library.path" value="C:\Program Files\Java\jdk-17\bin"/>
    <property name="sun.java.command" value="C:\Users\yyyyt\AppData\Local\Temp\surefire5888857201451891416\surefirebooter-20231019233505465_3.jar C:\Users\yyyyt\AppData\Local\Temp\surefire5888857201451891416 2023-10-19T23-35-05_300-jvmRun1 surefire-20231019233505465_1tmp surefire_0-20231019233505465_2tmp"/>
    <property name="jdk.debug" value="release"/>
    <property name="surefire.test.class.path" value="D:\app\testing\Lab6-7_additional_labs\Calculator\ci-jenkins-java\target\test-classes;D:\app\testing\Lab6-7_additional_labs\Calculator\ci-jenkins-java\target\classes;C:\Users\yyyyt\.m2\repository\org\junit\jupiter\junit-jupiter-api\5.9.1\junit-jupiter-api-5.9.1.jar;C:\Users\yyyyt\.m2\repository\org\opentest4j\opentest4j\1.2.0\opentest4j-1.2.0.jar;C:\Users\yyyyt\.m2\repository\org\junit\platform\junit-platform-commons\1.9.1\junit-platform-commons-1.9.1.jar;C:\Users\yyyyt\.m2\repository\org\apiguardian\apiguardian-api\1.1.2\apiguardian-api-1.1.2.jar;C:\Users\yyyyt\.m2\repository\org\junit\jupiter\junit-jupiter-engine\5.9.1\junit-jupiter-engine-5.9.1.jar;C:\Users\yyyyt\.m2\repository\org\junit\platform\junit-platform-engine\1.9.1\junit-platform-engine-1.9.1.jar;"/>
    <property name="sun.cpu.endian" value="little"/>
    <property name="user.home" value="C:\Users\yyyyt"/>
    <property name="user.language" value="ru"/>
    <property name="java.specification.vendor" value="Oracle Corporation"/>
    <property name="java.version.date" value="2023-07-18"/>
    <property name="java.home" value="C:\Program Files\Java\jdk-17"/>
    <property name="file.separator" value="\"/>
    <property name="basedir" value="D:\app\testing\Lab6-7_additional_labs\Calculator\ci-jenkins-java"/>
    <property name="java.vm.compressedOopsMode" value="Zero based"/>
    <property name="line.separator" value="&#10;"/>
    <property name="java.vm.specification.vendor" value="Oracle Corporation"/>
    <property name="java.specification.name" value="Java Platform API Specification"/>
    <property name="surefire.real.class.path" value="C:\Users\yyyyt\AppData\Local\Temp\surefire5888857201451891416\surefirebooter-20231019233505465_3.jar"/>
    <property name="user.script" value=""/>
    <property name="sun.management.compiler" value="HotSpot 64-Bit Tiered Compilers"/>
    <property name="java.runtime.version" value="17.0.8+9-LTS-211"/>
    <property name="user.name" value="yyyyt"/>
    <property name="path.separator" value=";"/>
    <property name="os.version" value="10.0"/>
    <property name="java.runtime.name" value="Java(TM) SE Runtime Environment"/>
    <property name="file.encoding" value="Cp1251"/>
    <property name="java.vm.name" value="Java HotSpot(TM) 64-Bit Server VM"/>
    <property name="localRepository" value="C:\Users\yyyyt\.m2\repository"/>
    <property name="java.vendor.url.bug" value="https://bugreport.java.com/bugreport/"/>
    <property name="java.io.tmpdir" value="C:\Users\yyyyt\AppData\Local\Temp\"/>
    <property name="java.version" value="17.0.8"/>
    <property name="user.dir" value="D:\app\testing\Lab6-7_additional_labs\Calculator\ci-jenkins-java"/>
    <property name="os.arch" value="amd64"/>
    <property name="java.vm.specification.name" value="Java Virtual Machine Specification"/>
    <property name="sun.os.patch.level" value=""/>
    <property name="native.encoding" value="Cp1251"/>
    <property name="java.library.path" value="C:\Program Files\Java\jdk-17\bin;C:\WINDOWS\Sun\Java\bin;C:\WINDOWS\system32;C:\WINDOWS;C:\Program Files\Java\jdk-17;D:\ispirer\ds\vse\WINDOWS.X64_213000_db_home\bin;C:\Program Files\Common Files\Oracle\Java\javapath;C:\WINDOWS\system32;C:\WINDOWS;C:\WINDOWS\System32\Wbem;C:\WINDOWS\System32\WindowsPowerShell\v1.0\;C:\WINDOWS\System32\OpenSSH\;C:\Program Files (x86)\Windows Kits\10\Windows Performance Toolkit\;C:\Program Files\nodejs\;C:\Program Files\Git\cmd;C:\Program Files\Docker\Docker\resources\bin;D:\Download\apache-maven-3.9.5-bin\apache-maven-3.9.5\bin;C:\Users\yyyyt\AppData\Local\Microsoft\WindowsApps;C:\Users\yyyyt\AppData\Roaming\npm;C:\Users\yyyyt\AppData\Local\Programs\Microsoft VS Code\bin;C:\Users\yyyyt\AppData\Local\GitHubDesktop\bin;."/>
    <property name="java.vm.info" value="mixed mode, sharing"/>
    <property name="java.vendor" value="Oracle Corporation"/>
    <property name="java.vm.version" value="17.0.8+9-LTS-211"/>
    <property name="sun.io.unicode.encoding" value="UnicodeLittle"/>
    <property name="java.class.version" value="61.0"/>
  </properties>
  <testcase name="t44estNumberTokenWithSameIndex" classname="com.crazy_ataman.calculator.CalculatorTest" time="0.075"/>
  <testcase name="testExpressionWithMultipleOperators" classname="com.crazy_ataman.calculator.CalculatorTest" time="0.003"/>
  <testcase name="t76estAddition" classname="com.crazy_ataman.calculator.CalculatorTest" time="0.013"/>
  <testcase name="testNotNullLineShouldNotTrow" classname="com.crazy_ataman.calculator.CalculatorTest" time="0.003"/>
  <testcase name="t1estEqualsWithDifferentObjectTypes" classname="com.crazy_ataman.calculator.CalculatorTest" time="0.0"/>
  <testcase name="testMinusOperation" classname="com.crazy_ataman.calculator.CalculatorTest" time="0.0"/>
  <testcase name="testPlusOperation" classname="com.crazy_ataman.calculator.CalculatorTest" time="0.0"/>
  <testcase name="t64estOperationTokenWithSameIndex" classname="com.crazy_ataman.calculator.CalculatorTest" time="0.002"/>
  <testcase name="t5estMultiplication" classname="com.crazy_ataman.calculator.CalculatorTest" time="0.002"/>
  <testcase name="testSolveValidExpression" classname="com.crazy_ataman.calculator.CalculatorTest" time="0.001"/>
  <testcase name="testOperationTokenCreation" classname="com.crazy_ataman.calculator.CalculatorTest" time="0.0"/>
  <testcase name="t2estComplexExpression" classname="com.crazy_ataman.calculator.CalculatorTest" time="0.0"/>
  <testcase name="testToString" classname="com.crazy_ataman.calculator.CalculatorTest" time="0.0"/>
  <testcase name="testResultShouldBeEmptyIfLineInvalid" classname="com.crazy_ataman.calculator.CalculatorTest" time="0.0"/>
  <testcase name="testMultiplication" classname="com.crazy_ataman.calculator.CalculatorTest" time="0.001"/>
  <testcase name="te65stSubtraction" classname="com.crazy_ataman.calculator.CalculatorTest" time="0.001"/>
  <testcase name="testResultShouldBeEmptyIfLineIsWord" classname="com.crazy_ataman.calculator.CalculatorTest" time="0.002"/>
  <testcase name="testSolveInvalidExpression" classname="com.crazy_ataman.calculator.CalculatorTest" time="0.0"/>
  <testcase name="testAddition" classname="com.crazy_ataman.calculator.CalculatorTest" time="0.0"/>
  <testcase name="testNumberTokenCreation" classname="com.crazy_ataman.calculator.CalculatorTest" time="0.0"/>
  <testcase name="testEmptyLineShouldProduceEmptyResult" classname="com.crazy_ataman.calculator.CalculatorTest" time="0.0"/>
  <testcase name="testResultShouldBeEmptyIfLineHasInvalidOperations" classname="com.crazy_ataman.calculator.CalculatorTest" time="0.01"/>
  <testcase name="t4estEqualsWithDifferentTokens" classname="com.crazy_ataman.calculator.CalculatorTest" time="0.001"/>
  <testcase name="testEqualsWithDifferentTokens" classname="com.crazy_ataman.calculator.CalculatorTest" time="0.001"/>
  <testcase name="testEqualsWithDifferentObjectTypes" classname="com.crazy_ataman.calculator.CalculatorTest" time="0.001"/>
  <testcase name="testNumberTokenWithSameIndex" classname="com.crazy_ataman.calculator.CalculatorTest" time="0.001"/>
  <testcase name="testTokenCreationWithNegativeIndex" classname="com.crazy_ataman.calculator.CalculatorTest" time="0.001"/>
  <testcase name="testNullLineShouldThrow" classname="com.crazy_ataman.calculator.CalculatorTest" time="0.003"/>
  <testcase name="testOperationTokenWithSameIndex" classname="com.crazy_ataman.calculator.CalculatorTest" time="0.0"/>
  <testcase name="testDivisionByZero" classname="com.crazy_ataman.calculator.CalculatorTest" time="0.001"/>
  <testcase name="testDivideOperation" classname="com.crazy_ataman.calculator.CalculatorTest" time="0.001"/>
  <testcase name="testHashCode" classname="com.crazy_ataman.calculator.CalculatorTest" time="0.002"/>
  <testcase name="testDivision" classname="com.crazy_ataman.calculator.CalculatorTest" time="0.001"/>
  <testcase name="testEquals" classname="com.crazy_ataman.calculator.CalculatorTest" time="0.0"/>
  <testcase name="t3estDivision" classname="com.crazy_ataman.calculator.CalculatorTest" time="0.001"/>
  <testcase name="testTokenToStringPerformance" classname="com.crazy_ataman.calculator.CalculatorTest" time="0.008"/>
  <testcase name="testSingleNumberShouldProduceEmptyResult" classname="com.crazy_ataman.calculator.CalculatorTest" time="0.0"/>
  <testcase name="testSubtraction" classname="com.crazy_ataman.calculator.CalculatorTest" time="0.0"/>
  <testcase name="testInvalidExpression" classname="com.crazy_ataman.calculator.CalculatorTest" time="0.0"/>
  <testcase name="t10estInvalidExpression" classname="com.crazy_ataman.calculator.CalculatorTest" time="0.0"/>
  <testcase name="testMultiplyOperation" classname="com.crazy_ataman.calculator.CalculatorTest" time="0.0"/>
</testsuite>